Using pre-set license
Built from '2021.3/staging' branch; Version is '2021.3.5f1 (40eb3a945986) revision 4254522'; Using compiler version '192829333'; Build Type 'Release'
OS: 'Windows 10  (10.0.19044) 64bit Professional' Language: 'ko' Physical Memory: 16322 MB
BatchMode: 1, IsHumanControllingUs: 0, StartBugReporterOnCrash: 0, Is64bit: 1, IsPro: 1

COMMAND LINE ARGUMENTS:
C:\Program Files\Unity\Hub\Editor\2021.3.5f1\Editor\Unity.exe
-adb2
-batchMode
-noUpm
-name
AssetImportWorker0
-projectPath
C:/Users/1302/Desktop/UnityStudy/My project
-logFile
Logs/AssetImportWorker0.log
-srvPort
53853
Successfully changed project path to: C:/Users/1302/Desktop/UnityStudy/My project
C:/Users/1302/Desktop/UnityStudy/My project
[UnityMemory] Configuration Parameters - Can be set up in boot.config
    "memorysetup-bucket-allocator-granularity=16"
    "memorysetup-bucket-allocator-bucket-count=8"
    "memorysetup-bucket-allocator-block-size=33554432"
    "memorysetup-bucket-allocator-block-count=8"
    "memorysetup-main-allocator-block-size=16777216"
    "memorysetup-thread-allocator-block-size=16777216"
    "memorysetup-gfx-main-allocator-block-size=16777216"
    "memorysetup-gfx-thread-allocator-block-size=16777216"
    "memorysetup-cache-allocator-block-size=4194304"
    "memorysetup-typetree-allocator-block-size=2097152"
    "memorysetup-profiler-bucket-allocator-granularity=16"
    "memorysetup-profiler-bucket-allocator-bucket-count=8"
    "memorysetup-profiler-bucket-allocator-block-size=33554432"
    "memorysetup-profiler-bucket-allocator-block-count=8"
    "memorysetup-profiler-allocator-block-size=16777216"
    "memorysetup-profiler-editor-allocator-block-size=1048576"
    "memorysetup-temp-allocator-size-main=16777216"
    "memorysetup-job-temp-allocator-block-size=2097152"
    "memorysetup-job-temp-allocator-block-size-background=1048576"
    "memorysetup-job-temp-allocator-reduction-small-platforms=262144"
    "memorysetup-temp-allocator-size-background-worker=32768"
    "memorysetup-temp-allocator-size-job-worker=262144"
    "memorysetup-temp-allocator-size-preload-manager=33554432"
    "memorysetup-temp-allocator-size-nav-mesh-worker=65536"
    "memorysetup-temp-allocator-size-audio-worker=65536"
    "memorysetup-temp-allocator-size-cloud-worker=32768"
    "memorysetup-temp-allocator-size-gi-baking-worker=262144"
    "memorysetup-temp-allocator-size-gfx=262144"
Refreshing native plugins compatible for Editor in 103.34 ms, found 3 plugins.
Preloading 0 native plugins for Editor in 0.00 ms.
Initialize engine version: 2021.3.5f1 (40eb3a945986)
[Subsystems] Discovering subsystems at path C:/Program Files/Unity/Hub/Editor/2021.3.5f1/Editor/Data/Resources/UnitySubsystems
[Subsystems] Discovering subsystems at path C:/Users/1302/Desktop/UnityStudy/My project/Assets
GfxDevice: creating device client; threaded=0; jobified=0
Direct3D:
    Version:  Direct3D 11.0 [level 11.1]
    Renderer: NVIDIA GeForce GTX 1660 (ID=0x2184)
    Vendor:   NVIDIA
    VRAM:     5991 MB
    Driver:   27.21.14.5751
Initialize mono
Mono path[0] = 'C:/Program Files/Unity/Hub/Editor/2021.3.5f1/Editor/Data/Managed'
Mono path[1] = 'C:/Program Files/Unity/Hub/Editor/2021.3.5f1/Editor/Data/MonoBleedingEdge/lib/mono/unityjit-win32'
Mono config path = 'C:/Program Files/Unity/Hub/Editor/2021.3.5f1/Editor/Data/MonoBleedingEdge/etc'
Using monoOptions --debugger-agent=transport=dt_socket,embedding=1,server=y,suspend=n,address=127.0.0.1:56052
Begin MonoManager ReloadAssembly
Registering precompiled unity dll's ...
Register platform support module: C:/Program Files/Unity/Hub/Editor/2021.3.5f1/Editor/Data/PlaybackEngines/WebGLSupport/UnityEditor.WebGL.Extensions.dll
Register platform support module: C:/Program Files/Unity/Hub/Editor/2021.3.5f1/Editor/Data/PlaybackEngines/WindowsStandaloneSupport/UnityEditor.WindowsStandalone.Extensions.dll
Registered in 0.007210 seconds.
Native extension for WindowsStandalone target not found
Native extension for WebGL target not found
Refreshing native plugins compatible for Editor in 94.37 ms, found 3 plugins.
Preloading 0 native plugins for Editor in 0.00 ms.
Mono: successfully reloaded assembly
- Completed reload, in  0.593 seconds
Domain Reload Profiling:
	ReloadAssembly (594ms)
		BeginReloadAssembly (66ms)
			ExecutionOrderSort (0ms)
			DisableScriptedObjects (0ms)
			BackupInstance (0ms)
			ReleaseScriptingObjects (0ms)
			CreateAndSetChildDomain (1ms)
		EndReloadAssembly (424ms)
			LoadAssemblies (65ms)
			RebuildTransferFunctionScriptingTraits (0ms)
			SetupTypeCache (99ms)
			ReleaseScriptCaches (0ms)
			RebuildScriptCaches (25ms)
			SetupLoadedEditorAssemblies (251ms)
				LogAssemblyErrors (0ms)
				InitializePlatformSupportModulesInManaged (8ms)
				SetLoadedEditorAssemblies (0ms)
				RefreshPlugins (95ms)
				BeforeProcessingInitializeOnLoad (1ms)
				ProcessInitializeOnLoadAttributes (108ms)
				ProcessInitializeOnLoadMethodAttributes (40ms)
				AfterProcessingInitializeOnLoad (0ms)
				EditorAssembliesLoaded (0ms)
			ExecutionOrderSort2 (0ms)
			AwakeInstancesAfterBackupRestoration (0ms)
Platform modules already initialized, skipping
Registering precompiled user dll's ...
Registered in 0.008651 seconds.
Begin MonoManager ReloadAssembly
Symbol file LoadedFromMemory doesn't match image C:\Users\1302\Desktop\UnityStudy\My project\Library\PackageCache\com.unity.visualscripting@1.7.8\Editor\VisualScripting.Core\Dependencies\DotNetZip\Unity.VisualScripting.IonicZip.dll
Symbol file LoadedFromMemory doesn't match image C:\Users\1302\Desktop\UnityStudy\My project\Library\PackageCache\com.unity.visualscripting@1.7.8\Editor\VisualScripting.Core\Dependencies\YamlDotNet\Unity.VisualScripting.YamlDotNet.dll
Native extension for WindowsStandalone target not found
Native extension for WebGL target not found
Refreshing native plugins compatible for Editor in 0.88 ms, found 3 plugins.
Preloading 0 native plugins for Editor in 0.00 ms.
Package Manager log level set to [2]
Mono: successfully reloaded assembly
- Completed reload, in  1.117 seconds
Domain Reload Profiling:
	ReloadAssembly (1118ms)
		BeginReloadAssembly (105ms)
			ExecutionOrderSort (0ms)
			DisableScriptedObjects (5ms)
			BackupInstance (0ms)
			ReleaseScriptingObjects (0ms)
			CreateAndSetChildDomain (21ms)
		EndReloadAssembly (902ms)
			LoadAssemblies (87ms)
			RebuildTransferFunctionScriptingTraits (0ms)
			SetupTypeCache (262ms)
			ReleaseScriptCaches (1ms)
			RebuildScriptCaches (52ms)
			SetupLoadedEditorAssemblies (465ms)
				LogAssemblyErrors (0ms)
				InitializePlatformSupportModulesInManaged (6ms)
				SetLoadedEditorAssemblies (0ms)
				RefreshPlugins (1ms)
				BeforeProcessingInitializeOnLoad (100ms)
				ProcessInitializeOnLoadAttributes (259ms)
				ProcessInitializeOnLoadMethodAttributes (92ms)
				AfterProcessingInitializeOnLoad (7ms)
				EditorAssembliesLoaded (0ms)
			ExecutionOrderSort2 (0ms)
			AwakeInstancesAfterBackupRestoration (5ms)
Platform modules already initialized, skipping
========================================================================
Worker process is ready to serve import requests
Launched and connected shader compiler UnityShaderCompiler.exe after 0.06 seconds
Refreshing native plugins compatible for Editor in 1.48 ms, found 3 plugins.
Preloading 0 native plugins for Editor in 0.00 ms.
Unloading 4220 Unused Serialized files (Serialized files now loaded: 0)
Unloading 83 unused Assets / (1.3 MB). Loaded Objects now: 4633.
Memory consumption went from 149.0 MB to 147.7 MB.
Total: 9.216600 ms (FindLiveObjects: 0.645100 ms CreateObjectMapping: 0.516300 ms MarkObjects: 7.701200 ms  DeleteObjects: 0.352000 ms)

AssetImportParameters requested are different than current active one (requested -> active):
  custom:video-decoder-ogg-theora: a1e56fd34408186e4bbccfd4996cb3dc -> 
  custom:container-muxer-webm: aa71ff27fc2769a1b78a27578f13a17b -> 
  custom:container-demuxer-webm: 4f35f7cbe854078d1ac9338744f61a02 -> 
  custom:video-encoder-webm-vp8: eb34c28f22e8b96e1ab97ce403110664 -> 
  custom:audio-encoder-webm-vorbis: bf7c407c2cedff20999df2af8eb42d56 -> 
  custom:framework-win-MediaFoundation: 216162199b28c13a410421893ffa2e32 -> 
  custom:container-demuxer-ogg: 62fdf1f143b41e24485cea50d1cbac27 -> 
  custom:video-decoder-webm-vp8: 9c59270c3fd7afecdb556c50c9e8de78 -> 
  custom:audio-decoder-ogg-vorbis: bf7c407c2cedff20999df2af8eb42d56 -> 
========================================================================
Received Import Request.
  Time since last request: 1646808.494344 seconds.
  path: Assets/TankAssets/Scripts/UI
  artifactKey: Guid(22c7d7ea0e44ffc46936169d62a32f92) Importer(815301076,1909f56bfc062723c751e8b465ee728b)
Start importing Assets/TankAssets/Scripts/UI using Guid(22c7d7ea0e44ffc46936169d62a32f92) Importer(815301076,1909f56bfc062723c751e8b465ee728b)  -> (artifact id: '1798c97392a24f4687c859f58ebc75f9') in 0.011988 seconds 
========================================================================
Received Import Request.
  Time since last request: 0.105706 seconds.
  path: Assets/TankAssets/_Completed-Assets/Scripts
  artifactKey: Guid(aaae41d289f00a3438f3b6bb50fef4e1) Importer(815301076,1909f56bfc062723c751e8b465ee728b)
Start importing Assets/TankAssets/_Completed-Assets/Scripts using Guid(aaae41d289f00a3438f3b6bb50fef4e1) Importer(815301076,1909f56bfc062723c751e8b465ee728b)  -> (artifact id: 'e30450e030ea2d78ace9e07c6a0d076f') in 0.006325 seconds 
========================================================================
Received Import Request.
  Time since last request: 0.009133 seconds.
  path: Assets/TankAssets/_Completed-Assets/Scripts/Tank
  artifactKey: Guid(d956d85e35f29564b967bcd5f4113f80) Importer(815301076,1909f56bfc062723c751e8b465ee728b)
Start importing Assets/TankAssets/_Completed-Assets/Scripts/Tank using Guid(d956d85e35f29564b967bcd5f4113f80) Importer(815301076,1909f56bfc062723c751e8b465ee728b)  -> (artifact id: '2fd7a1e19eba888307ac5156bb9c73d5') in 0.005978 seconds 
========================================================================
Received Import Request.
  Time since last request: 0.041886 seconds.
  path: Assets/Materials/Red.mat
  artifactKey: Guid(84977c3279bcc2a4aab9fa11077e93b4) Importer(815301076,1909f56bfc062723c751e8b465ee728b)
Start importing Assets/Materials/Red.mat using Guid(84977c3279bcc2a4aab9fa11077e93b4) Importer(815301076,1909f56bfc062723c751e8b465ee728b)  -> (artifact id: 'e9e757e30d9f00063b25a53f78f977ba') in 0.097997 seconds 
========================================================================
Received Import Request.
  Time since last request: 0.014643 seconds.
  path: Assets/TankAssets/Fonts/Bowlby_One/FontLicense.txt
  artifactKey: Guid(327f44d86230f28468dc6a953ee98fa5) Importer(815301076,1909f56bfc062723c751e8b465ee728b)
Start importing Assets/TankAssets/Fonts/Bowlby_One/FontLicense.txt using Guid(327f44d86230f28468dc6a953ee98fa5) Importer(815301076,1909f56bfc062723c751e8b465ee728b)  -> (artifact id: '6fa974d9e5ef67b8dd9cc7aac6c66bfe') in 0.009763 seconds 
========================================================================
Received Import Request.
  Time since last request: 0.005486 seconds.
  path: Assets/TankAssets/_Completed-Assets/Scripts/Managers
  artifactKey: Guid(57b7a8c8098d77f46873bce12eed6632) Importer(815301076,1909f56bfc062723c751e8b465ee728b)
Start importing Assets/TankAssets/_Completed-Assets/Scripts/Managers using Guid(57b7a8c8098d77f46873bce12eed6632) Importer(815301076,1909f56bfc062723c751e8b465ee728b)  -> (artifact id: '78a1d7d94a9029095a3414b420457eea') in 0.005357 seconds 
========================================================================
Received Import Request.
  Time since last request: 0.017590 seconds.
  path: Assets/TankAssets/_Completed-Assets/Scripts/UI
  artifactKey: Guid(61f2c7d35ae7e4d47ac6fab776771033) Importer(815301076,1909f56bfc062723c751e8b465ee728b)
Start importing Assets/TankAssets/_Completed-Assets/Scripts/UI using Guid(61f2c7d35ae7e4d47ac6fab776771033) Importer(815301076,1909f56bfc062723c751e8b465ee728b)  -> (artifact id: 'aad119b79437a0242e561df51cbbcb43') in 0.002259 seconds 
========================================================================
Received Import Request.
  Time since last request: 0.007654 seconds.
  path: Assets/TankAssets/TutorialInfo/Scripts
  artifactKey: Guid(5a9bcd70e6a4b4b05badaa72e827d8e0) Importer(815301076,1909f56bfc062723c751e8b465ee728b)
Start importing Assets/TankAssets/TutorialInfo/Scripts using Guid(5a9bcd70e6a4b4b05badaa72e827d8e0) Importer(815301076,1909f56bfc062723c751e8b465ee728b)  -> (artifact id: 'e7e4f6b8bed51f2d5bb97777514a10e9') in 0.002495 seconds 
========================================================================
Received Import Request.
  Time since last request: 0.002015 seconds.
  path: Assets/TankAssets/Fonts/Bowlby_One
  artifactKey: Guid(b14ff24d0c1ad87409c85023c1d71c37) Importer(815301076,1909f56bfc062723c751e8b465ee728b)
Start importing Assets/TankAssets/Fonts/Bowlby_One using Guid(b14ff24d0c1ad87409c85023c1d71c37) Importer(815301076,1909f56bfc062723c751e8b465ee728b)  -> (artifact id: '59de24e71037bf4435a686c9d540c6fe') in 0.005118 seconds 
========================================================================
Received Import Request.
  Time since last request: 0.005947 seconds.
  path: Assets/TankAssets/_Completed-Assets/Prefabs/CompleteShellExplosion.prefab
  artifactKey: Guid(1911d89758d97cc4898d240e9e2545f4) Importer(815301076,1909f56bfc062723c751e8b465ee728b)
Start importing Assets/TankAssets/_Completed-Assets/Prefabs/CompleteShellExplosion.prefab using Guid(1911d89758d97cc4898d240e9e2545f4) Importer(815301076,1909f56bfc062723c751e8b465ee728b)  -> (artifact id: 'f8acb2822e9aeda4b8fac353a2928d66') in 0.026755 seconds 
========================================================================
Received Import Request.
  Time since last request: 0.028814 seconds.
  path: Assets/TankAssets/TutorialInfo
  artifactKey: Guid(49110bb8dcada46328ad741970bce702) Importer(815301076,1909f56bfc062723c751e8b465ee728b)
Start importing Assets/TankAssets/TutorialInfo using Guid(49110bb8dcada46328ad741970bce702) Importer(815301076,1909f56bfc062723c751e8b465ee728b)  -> (artifact id: '30ab418355ea0820c1e1864c67d34dd2') in 0.005420 seconds 
========================================================================
Received Import Request.
  Time since last request: 0.000030 seconds.
  path: Assets/TankAssets/AudioClips
  artifactKey: Guid(0df7b64f0e702f14897580a356feae92) Importer(815301076,1909f56bfc062723c751e8b465ee728b)
Start importing Assets/TankAssets/AudioClips using Guid(0df7b64f0e702f14897580a356feae92) Importer(815301076,1909f56bfc062723c751e8b465ee728b)  -> (artifact id: 'e2d31dbeec3b9146ae5c0256a21f490e') in 0.006496 seconds 
========================================================================
Received Import Request.
  Time since last request: 0.012403 seconds.
  path: Assets/Tanks!_Third-PartyNotice.txt
  artifactKey: Guid(0540cebe69e29f944a689b66e3d41275) Importer(815301076,1909f56bfc062723c751e8b465ee728b)
Start importing Assets/Tanks!_Third-PartyNotice.txt using Guid(0540cebe69e29f944a689b66e3d41275) Importer(815301076,1909f56bfc062723c751e8b465ee728b)  -> (artifact id: 'e90b3b890629d560fef9d97d5fd7d83d') in 0.007011 seconds 
========================================================================
Received Import Request.
  Time since last request: 0.001118 seconds.
  path: Assets/_Complete-Game.unity
  artifactKey: Guid(37961ba4d27bd46428d20c2ffe403dc3) Importer(815301076,1909f56bfc062723c751e8b465ee728b)
Start importing Assets/_Complete-Game.unity using Guid(37961ba4d27bd46428d20c2ffe403dc3) Importer(815301076,1909f56bfc062723c751e8b465ee728b)  -> (artifact id: 'acb39f809ce5c64f039caebf93f07431') in 0.006032 seconds 
========================================================================
Received Import Request.
  Time since last request: 0.006803 seconds.
  path: Assets/TankAssets/_Completed-Assets/Prefabs/CompleteTank.prefab
  artifactKey: Guid(756d3a6506f2f8241b4e8badde68567a) Importer(815301076,1909f56bfc062723c751e8b465ee728b)
Start importing Assets/TankAssets/_Completed-Assets/Prefabs/CompleteTank.prefab using Guid(756d3a6506f2f8241b4e8badde68567a) Importer(815301076,1909f56bfc062723c751e8b465ee728b)  -> (artifact id: 'ce0f75764726223ae5c7ab47488e57ea') in 0.037411 seconds 
========================================================================
Received Import Request.
  Time since last request: 0.000724 seconds.
  path: Assets/Materials/PlaneMaterial.mat
  artifactKey: Guid(111009c7e3a4a054491b5c475ad9d607) Importer(815301076,1909f56bfc062723c751e8b465ee728b)
Start importing Assets/Materials/PlaneMaterial.mat using Guid(111009c7e3a4a054491b5c475ad9d607) Importer(815301076,1909f56bfc062723c751e8b465ee728b)  -> (artifact id: '311a7d34ee8ac7f87ad92c2a64fb00a7') in 0.011964 seconds 
========================================================================
Received Import Request.
  Time since last request: 0.000076 seconds.
  path: Assets/TankAssets/_Completed-Assets/Prefabs
  artifactKey: Guid(6945bc9f316ec404382059baa89e5a12) Importer(815301076,1909f56bfc062723c751e8b465ee728b)
Start importing Assets/TankAssets/_Completed-Assets/Prefabs using Guid(6945bc9f316ec404382059baa89e5a12) Importer(815301076,1909f56bfc062723c751e8b465ee728b)  -> (artifact id: '44fd691634e40a936971776c0391f298') in 0.005157 seconds 
========================================================================
Received Import Request.
  Time since last request: 0.017153 seconds.
  path: Assets/TankAssets/Resources/BillingMode.json
  artifactKey: Guid(a6b064a82ae918b45a2b5de5868d553c) Importer(815301076,1909f56bfc062723c751e8b465ee728b)
Start importing Assets/TankAssets/Resources/BillingMode.json using Guid(a6b064a82ae918b45a2b5de5868d553c) Importer(815301076,1909f56bfc062723c751e8b465ee728b)  -> (artifact id: '8c43b64a9cb768900bba0bbcee09c0f3') in 0.007907 seconds 
========================================================================
Received Import Request.
  Time since last request: 0.014093 seconds.
  path: Assets/TankAssets/TutorialInfo/Icons
  artifactKey: Guid(8a0c9218a650547d98138cd835033977) Importer(815301076,1909f56bfc062723c751e8b465ee728b)
Start importing Assets/TankAssets/TutorialInfo/Icons using Guid(8a0c9218a650547d98138cd835033977) Importer(815301076,1909f56bfc062723c751e8b465ee728b)  -> (artifact id: '4f85b7a89ef3d881093a23dd514b6538') in 0.005088 seconds 
========================================================================
Received Import Request.
  Time since last request: 0.000018 seconds.
  path: Assets/TankAssets/Animators
  artifactKey: Guid(63db5dd3902ac1c48b09ef34d5fac746) Importer(815301076,1909f56bfc062723c751e8b465ee728b)
Start importing Assets/TankAssets/Animators using Guid(63db5dd3902ac1c48b09ef34d5fac746) Importer(815301076,1909f56bfc062723c751e8b465ee728b)  -> (artifact id: '38c21818972421467cdfefbd79e3bb45') in 0.005674 seconds 
========================================================================
Received Import Request.
  Time since last request: 0.002096 seconds.
  path: Assets/TankAssets/_Completed-Assets/Prefabs/CompleteLevelArt.prefab
  artifactKey: Guid(312c52d27be2d2d42acea3ccebc4694b) Importer(815301076,1909f56bfc062723c751e8b465ee728b)
Start importing Assets/TankAssets/_Completed-Assets/Prefabs/CompleteLevelArt.prefab using Guid(312c52d27be2d2d42acea3ccebc4694b) Importer(815301076,1909f56bfc062723c751e8b465ee728b)  -> (artifact id: '2dde4b442bdc7711070f5793bb8e865e') in 0.054371 seconds 
========================================================================
Received Import Request.
  Time since last request: 0.000021 seconds.
  path: Assets/TankAssets/Scripts/Camera
  artifactKey: Guid(7a43051ea413c884fb05edbbb60d7cc3) Importer(815301076,1909f56bfc062723c751e8b465ee728b)
Start importing Assets/TankAssets/Scripts/Camera using Guid(7a43051ea413c884fb05edbbb60d7cc3) Importer(815301076,1909f56bfc062723c751e8b465ee728b)  -> (artifact id: '46e7b8a9867cc6a7b3525f074ee10355') in 0.004958 seconds 
========================================================================
Received Import Request.
  Time since last request: 0.000026 seconds.
  path: Assets/TankAssets/Sprites
  artifactKey: Guid(78415c8d6452baf4db826588249b5ff4) Importer(815301076,1909f56bfc062723c751e8b465ee728b)
Start importing Assets/TankAssets/Sprites using Guid(78415c8d6452baf4db826588249b5ff4) Importer(815301076,1909f56bfc062723c751e8b465ee728b)  -> (artifact id: '30a4bc9b9956e5a53c82aa9411cbcd1b') in 0.005026 seconds 
========================================================================
Received Import Request.
  Time since last request: 0.081297 seconds.
  path: Assets/TankAssets/_Completed-Assets/Prefabs/CompletePumpJack.prefab
  artifactKey: Guid(b42de3640c54277468750ca555af9b52) Importer(815301076,1909f56bfc062723c751e8b465ee728b)
Start importing Assets/TankAssets/_Completed-Assets/Prefabs/CompletePumpJack.prefab using Guid(b42de3640c54277468750ca555af9b52) Importer(815301076,1909f56bfc062723c751e8b465ee728b)  -> (artifact id: '03f4155118feb6a8b9396d6969d0b395') in 0.013985 seconds 
========================================================================
Received Import Request.
  Time since last request: 0.024616 seconds.
  path: Assets/TankAssets/Prefabs/LevelArt.prefab
  artifactKey: Guid(1cd1bdb2203012a40ab12a0d2fd7aa88) Importer(815301076,1909f56bfc062723c751e8b465ee728b)
Start importing Assets/TankAssets/Prefabs/LevelArt.prefab using Guid(1cd1bdb2203012a40ab12a0d2fd7aa88) Importer(815301076,1909f56bfc062723c751e8b465ee728b)  -> (artifact id: 'c2ba94fa337205a78a402fcca22f4a3d') in 0.030627 seconds 
========================================================================
Received Import Request.
  Time since last request: 0.014263 seconds.
  path: Assets/TankAssets/_Completed-Assets/AudioMixers
  artifactKey: Guid(137d74c4bd2116d45bee226676d8a18a) Importer(815301076,1909f56bfc062723c751e8b465ee728b)
Start importing Assets/TankAssets/_Completed-Assets/AudioMixers using Guid(137d74c4bd2116d45bee226676d8a18a) Importer(815301076,1909f56bfc062723c751e8b465ee728b)  -> (artifact id: '7429eb4731998c39f7a5171b2e74c973') in 0.006500 seconds 
========================================================================
Received Import Request.
  Time since last request: 0.005152 seconds.
  path: Assets/TankAssets/Models/PalmTree.fbx
  artifactKey: Guid(a1194fc0a76098e499948ecf77b6acdf) Importer(815301076,1909f56bfc062723c751e8b465ee728b)
Start importing Assets/TankAssets/Models/PalmTree.fbx using Guid(a1194fc0a76098e499948ecf77b6acdf) Importer(815301076,1909f56bfc062723c751e8b465ee728b)  -> (artifact id: 'e7d9e30069ecc8bc700a49148ecc30b1') in 0.032481 seconds 
========================================================================
Received Import Request.
  Time since last request: 0.000039 seconds.
  path: Assets/TankAssets/_Completed-Assets
  artifactKey: Guid(63fc0752714adda4d8e46bc93ab6e4b8) Importer(815301076,1909f56bfc062723c751e8b465ee728b)
Start importing Assets/TankAssets/_Completed-Assets using Guid(63fc0752714adda4d8e46bc93ab6e4b8) Importer(815301076,1909f56bfc062723c751e8b465ee728b)  -> (artifact id: '0d813b6c2c0162bc6a853c4742932709') in 0.006412 seconds 
========================================================================
Received Import Request.
  Time since last request: 0.001181 seconds.
  path: Assets/Scenes/TankScene.unity
  artifactKey: Guid(9fc0d4010bbf28b4594072e72b8655ab) Importer(815301076,1909f56bfc062723c751e8b465ee728b)
Start importing Assets/Scenes/TankScene.unity using Guid(9fc0d4010bbf28b4594072e72b8655ab) Importer(815301076,1909f56bfc062723c751e8b465ee728b)  -> (artifact id: '99e1d69ad72b7a217673e92d2b2b79ca') in 0.005156 seconds 
========================================================================
Received Import Request.
  Time since last request: 0.000021 seconds.
  path: Assets/TankAssets/Scripts/Tank
  artifactKey: Guid(46e032e6247865441876c868e03138e3) Importer(815301076,1909f56bfc062723c751e8b465ee728b)
Start importing Assets/TankAssets/Scripts/Tank using Guid(46e032e6247865441876c868e03138e3) Importer(815301076,1909f56bfc062723c751e8b465ee728b)  -> (artifact id: '28543b89e73534a80d82c8a72806933b') in 0.001547 seconds 
========================================================================
Received Import Request.
  Time since last request: 0.016256 seconds.
  path: Assets/TankAssets/Resources
  artifactKey: Guid(f971aa8aa6a98e345a9bc3dc063ca2f2) Importer(815301076,1909f56bfc062723c751e8b465ee728b)
Start importing Assets/TankAssets/Resources using Guid(f971aa8aa6a98e345a9bc3dc063ca2f2) Importer(815301076,1909f56bfc062723c751e8b465ee728b)  -> (artifact id: 'd60eb7562698b2e7b79aba22f5cfafdf') in 0.005129 seconds 
========================================================================
Received Import Request.
  Time since last request: 0.022169 seconds.
  path: Assets/TankAssets/Scripts
  artifactKey: Guid(fd9c214f640fae348958e74eaea6f543) Importer(815301076,1909f56bfc062723c751e8b465ee728b)
Start importing Assets/TankAssets/Scripts using Guid(fd9c214f640fae348958e74eaea6f543) Importer(815301076,1909f56bfc062723c751e8b465ee728b)  -> (artifact id: '2e179231f5fae249790234d488977d21') in 0.001772 seconds 
========================================================================
Received Import Request.
  Time since last request: 0.003139 seconds.
  path: Assets/TankAssets/Scripts/Managers
  artifactKey: Guid(6cc27d206e06258438dbc4bb795885b9) Importer(815301076,1909f56bfc062723c751e8b465ee728b)
Start importing Assets/TankAssets/Scripts/Managers using Guid(6cc27d206e06258438dbc4bb795885b9) Importer(815301076,1909f56bfc062723c751e8b465ee728b)  -> (artifact id: '50aaddfa268f670575b26653b6dd5940') in 0.002277 seconds 
========================================================================
Received Import Request.
  Time since last request: 0.002045 seconds.
  path: Assets/TankAssets/_Completed-Assets/Prefabs/CompleteDustTrail.prefab
  artifactKey: Guid(daceba43be89eb146a3ed6af99b08c29) Importer(815301076,1909f56bfc062723c751e8b465ee728b)
Start importing Assets/TankAssets/_Completed-Assets/Prefabs/CompleteDustTrail.prefab using Guid(daceba43be89eb146a3ed6af99b08c29) Importer(815301076,1909f56bfc062723c751e8b465ee728b)  -> (artifact id: '1c6d70cc34b60bac9ad75232fa73bf00') in 0.012882 seconds 
========================================================================
Received Import Request.
  Time since last request: 0.024350 seconds.
  path: Assets/TankAssets/Animators/Pumpjack.controller
  artifactKey: Guid(b83bf9933497ccf459675b37a3115920) Importer(815301076,1909f56bfc062723c751e8b465ee728b)
Start importing Assets/TankAssets/Animators/Pumpjack.controller using Guid(b83bf9933497ccf459675b37a3115920) Importer(815301076,1909f56bfc062723c751e8b465ee728b)  -> (artifact id: 'dfd64527a15d4fac3f960abb3720a0bd') in 0.007208 seconds 
========================================================================
Received Import Request.
  Time since last request: 0.008474 seconds.
  path: Assets/TankAssets/Editor
  artifactKey: Guid(0336cc9e4e68ca84392077b848decb81) Importer(815301076,1909f56bfc062723c751e8b465ee728b)
Start importing Assets/TankAssets/Editor using Guid(0336cc9e4e68ca84392077b848decb81) Importer(815301076,1909f56bfc062723c751e8b465ee728b)  -> (artifact id: '4129e7f9a2494562525374d6b7ed9264') in 0.005129 seconds 
========================================================================
Received Import Request.
  Time since last request: 0.010063 seconds.
  path: Assets/TankAssets/Fonts/Bowlby_One/BowlbyOne-Regular.ttf
  artifactKey: Guid(3d7fe0a26ba72d949874021dc3d6995e) Importer(815301076,1909f56bfc062723c751e8b465ee728b)
Start importing Assets/TankAssets/Fonts/Bowlby_One/BowlbyOne-Regular.ttf using Guid(3d7fe0a26ba72d949874021dc3d6995e) Importer(815301076,1909f56bfc062723c751e8b465ee728b)  -> (artifact id: '21965700f57358454419753db14ca9c2') in 0.032759 seconds 
========================================================================
Received Import Request.
  Time since last request: 0.021730 seconds.
  path: Assets/TankAssets/Fonts
  artifactKey: Guid(32145277a30f2c840a782ff0c6321632) Importer(815301076,1909f56bfc062723c751e8b465ee728b)
Start importing Assets/TankAssets/Fonts using Guid(32145277a30f2c840a782ff0c6321632) Importer(815301076,1909f56bfc062723c751e8b465ee728b)  -> (artifact id: '0f8acfef507f305d423001adff6f6981') in 0.005413 seconds 
========================================================================
Received Import Request.
  Time since last request: 0.037676 seconds.
  path: Assets/TankAssets/Materials/Green.mat
  artifactKey: Guid(c39933e60e73205419d1f79a2af1fdac) Importer(815301076,1909f56bfc062723c751e8b465ee728b)
Start importing Assets/TankAssets/Materials/Green.mat using Guid(c39933e60e73205419d1f79a2af1fdac) Importer(815301076,1909f56bfc062723c751e8b465ee728b)  -> (artifact id: 'b4be38e591f293d9dafc37ee67bb6fa2') in 0.012913 seconds 
========================================================================
Received Import Request.
  Time since last request: 0.014814 seconds.
  path: Assets/TankAssets/_Completed-Assets/Scripts/Camera
  artifactKey: Guid(c3d5f319b62744140902bd2534a0bf8e) Importer(815301076,1909f56bfc062723c751e8b465ee728b)
Start importing Assets/TankAssets/_Completed-Assets/Scripts/Camera using Guid(c3d5f319b62744140902bd2534a0bf8e) Importer(815301076,1909f56bfc062723c751e8b465ee728b)  -> (artifact id: 'b3abbaefd52b59f0a2f593fc26d9a082') in 0.001592 seconds 
========================================================================
Received Import Request.
  Time since last request: 0.015157 seconds.
  path: Assets/TankAssets/_Completed-Assets/Animators/CompletePumpjack.controller
  artifactKey: Guid(92ebf232461ebc342884766124202572) Importer(815301076,1909f56bfc062723c751e8b465ee728b)
Start importing Assets/TankAssets/_Completed-Assets/Animators/CompletePumpjack.controller using Guid(92ebf232461ebc342884766124202572) Importer(815301076,1909f56bfc062723c751e8b465ee728b)  -> (artifact id: '8101017fb2182149fb31b00c2d928f57') in 0.006633 seconds 
========================================================================
Received Import Request.
  Time since last request: 0.060429 seconds.
  path: Assets/TankAssets/Scripts/Shell
  artifactKey: Guid(ef94ef5de0736094c917c0e0217691b6) Importer(815301076,1909f56bfc062723c751e8b465ee728b)
Start importing Assets/TankAssets/Scripts/Shell using Guid(ef94ef5de0736094c917c0e0217691b6) Importer(815301076,1909f56bfc062723c751e8b465ee728b)  -> (artifact id: '00b123b3d05001e559ec39769580a0d0') in 0.004875 seconds 
========================================================================
Received Import Request.
  Time since last request: 0.012256 seconds.
  path: Assets/TankAssets/_Completed-Assets/Animators
  artifactKey: Guid(e0a5a24639365f2438a199c6b46badfd) Importer(815301076,1909f56bfc062723c751e8b465ee728b)
Start importing Assets/TankAssets/_Completed-Assets/Animators using Guid(e0a5a24639365f2438a199c6b46badfd) Importer(815301076,1909f56bfc062723c751e8b465ee728b)  -> (artifact id: '468b694f2fa4f8aaf2879c6645e40809') in 0.001711 seconds 
========================================================================
Received Import Request.
  Time since last request: 0.024155 seconds.
  path: Assets/TankAssets/TutorialInfo/Layout.wlt
  artifactKey: Guid(eabc9546105bf4accac1fd62a63e88e6) Importer(815301076,1909f56bfc062723c751e8b465ee728b)
Start importing Assets/TankAssets/TutorialInfo/Layout.wlt using Guid(eabc9546105bf4accac1fd62a63e88e6) Importer(815301076,1909f56bfc062723c751e8b465ee728b)  -> (artifact id: '6f886eed12182d02861e17e303a52dec') in 0.007113 seconds 
========================================================================
Received Import Request.
  Time since last request: 0.012625 seconds.
  path: Assets/TankAssets/TutorialInfo/Scripts/Editor
  artifactKey: Guid(3ad9b87dffba344c89909c6d1b1c17e1) Importer(815301076,1909f56bfc062723c751e8b465ee728b)
Start importing Assets/TankAssets/TutorialInfo/Scripts/Editor using Guid(3ad9b87dffba344c89909c6d1b1c17e1) Importer(815301076,1909f56bfc062723c751e8b465ee728b)  -> (artifact id: '6c0e8e2a99804f7f249b7fb1c7f3743c') in 0.001727 seconds 
========================================================================
Received Import Request.
  Time since last request: 0.009891 seconds.
  path: Assets/Resources/BillingMode.json
  artifactKey: Guid(fea036aa2fbe7a34c913ccd459265b44) Importer(815301076,1909f56bfc062723c751e8b465ee728b)
Start importing Assets/Resources/BillingMode.json using Guid(fea036aa2fbe7a34c913ccd459265b44) Importer(815301076,1909f56bfc062723c751e8b465ee728b)  -> (artifact id: '86f4765e8c7fcdfdd27e82472ed77148') in 0.002213 seconds 
========================================================================
Received Import Request.
  Time since last request: 0.000021 seconds.
  path: Assets/TankAssets/Materials
  artifactKey: Guid(e5dbc7bfeb0203344a6c08c8ed7678bc) Importer(815301076,1909f56bfc062723c751e8b465ee728b)
Start importing Assets/TankAssets/Materials using Guid(e5dbc7bfeb0203344a6c08c8ed7678bc) Importer(815301076,1909f56bfc062723c751e8b465ee728b)  -> (artifact id: '0051216f02a07457794b383bb443f456') in 0.005286 seconds 
========================================================================
Received Import Request.
  Time since last request: 0.005583 seconds.
  path: Assets/TankAssets/Models/Cactus.fbx
  artifactKey: Guid(00b5a8045a3c3914bb0dfdf2d62f05c9) Importer(815301076,1909f56bfc062723c751e8b465ee728b)
Start importing Assets/TankAssets/Models/Cactus.fbx using Guid(00b5a8045a3c3914bb0dfdf2d62f05c9) Importer(815301076,1909f56bfc062723c751e8b465ee728b)  -> (artifact id: 'a985d69261b291588496974daa81eb8f') in 0.018456 seconds 
========================================================================
Received Import Request.
  Time since last request: 0.022789 seconds.
  path: Assets/Resources
  artifactKey: Guid(c7c4d9cf0af55fd4ebe71d6b1aa2f13f) Importer(815301076,1909f56bfc062723c751e8b465ee728b)
Start importing Assets/Resources using Guid(c7c4d9cf0af55fd4ebe71d6b1aa2f13f) Importer(815301076,1909f56bfc062723c751e8b465ee728b)  -> (artifact id: 'e58610e4c4d19f1c385f895e0fcf7bf9') in 0.001596 seconds 
========================================================================
Received Import Request.
  Time since last request: 0.000020 seconds.
  path: Assets/TankAssets/_Completed-Assets/Scripts/Shell
  artifactKey: Guid(bb7dcb97741f0c540b7a93d20d6f0025) Importer(815301076,1909f56bfc062723c751e8b465ee728b)
Start importing Assets/TankAssets/_Completed-Assets/Scripts/Shell using Guid(bb7dcb97741f0c540b7a93d20d6f0025) Importer(815301076,1909f56bfc062723c751e8b465ee728b)  -> (artifact id: '8e4611daf75ca1d86b7711af9c089ea6') in 0.001650 seconds 
========================================================================
Received Import Request.
  Time since last request: 0.008481 seconds.
  path: Assets/TankAssets/Profiles
  artifactKey: Guid(3f5735516e58bc4458ed5c55cb9e5e18) Importer(815301076,1909f56bfc062723c751e8b465ee728b)
Start importing Assets/TankAssets/Profiles using Guid(3f5735516e58bc4458ed5c55cb9e5e18) Importer(815301076,1909f56bfc062723c751e8b465ee728b)  -> (artifact id: '92a8da86c68a68850305e4287815e694') in 0.005218 seconds 
